<?xml version="1.0" encoding="UTF-8"?>
<!-- Generated by org.testng.reporters.JUnitReportReporter -->
<testsuite hostname="DESKTOP-D5OBL1K" failures="0" tests="1" name="SeleniumTesting.E2EProjectNew.validateNavigationBar" time="0.199" errors="0" timestamp="2022-04-06T22:59:33 IST" skipped="0">
  <testcase classname="SeleniumTesting.E2EProjectNew.validateNavigationBar" name="validateAppNavBar" time="0.199"/>
  <system-out/>
</testsuite> <!-- SeleniumTesting.E2EProjectNew.validateNavigationBar -->
