<?xml version="1.0" encoding="UTF-8"?>
<!-- Generated by org.testng.reporters.JUnitReportReporter -->
<testsuite hostname="DESKTOP-D5OBL1K" failures="0" tests="1" name="SeleniumTesting.E2EProjectNew.AppTest" time="0.014" errors="0" timestamp="2022-04-06T22:23:01 IST" skipped="0">
  <testcase classname="SeleniumTesting.E2EProjectNew.AppTest" name="testApp" time="0.014"/>
  <system-out/>
</testsuite> <!-- SeleniumTesting.E2EProjectNew.AppTest -->
